[INFO] Scanning for projects...
[INFO] 
[INFO] ----------------------------< jigsaw:Hotel >----------------------------
[INFO] Building Hotel 1.0-SNAPSHOT
[INFO] --------------------------------[ jar ]---------------------------------
[INFO] 
[INFO] --- maven-clean-plugin:2.5:clean (default-clean) @ Hotel ---
[INFO] Deleting /Users/lingsonggao/IdeaProjects/Project/ASE/Hotel/target
[INFO] 
[INFO] --- maven-resources-plugin:2.6:resources (default-resources) @ Hotel ---
[WARNING] Using platform encoding (UTF-8 actually) to copy filtered resources, i.e. build is platform dependent!
[INFO] Copying 20 resources
[INFO] 
[INFO] --- maven-compiler-plugin:3.1:compile (default-compile) @ Hotel ---
[INFO] Changes detected - recompiling the module!
[WARNING] File encoding has not been set, using platform encoding UTF-8, i.e. build is platform dependent!
[INFO] Compiling 16 source files to /Users/lingsonggao/IdeaProjects/Project/ASE/Hotel/target/classes
[INFO] 
[INFO] --- maven-resources-plugin:2.6:testResources (default-testResources) @ Hotel ---
[WARNING] Using platform encoding (UTF-8 actually) to copy filtered resources, i.e. build is platform dependent!
[INFO] skip non existing resourceDirectory /Users/lingsonggao/IdeaProjects/Project/ASE/Hotel/src/test/resources
[INFO] 
[INFO] --- maven-compiler-plugin:3.1:testCompile (default-testCompile) @ Hotel ---
[INFO] Changes detected - recompiling the module!
[WARNING] File encoding has not been set, using platform encoding UTF-8, i.e. build is platform dependent!
[INFO] Compiling 10 source files to /Users/lingsonggao/IdeaProjects/Project/ASE/Hotel/target/test-classes
[INFO] 
[INFO] --- maven-surefire-plugin:2.19.1:test (default-test) @ Hotel ---

-------------------------------------------------------
 T E S T S
-------------------------------------------------------
Running insertToDatabaseTest

Results :

Tests run: 0, Failures: 0, Errors: 0, Skipped: 0

[INFO] ------------------------------------------------------------------------
[INFO] BUILD FAILURE
[INFO] ------------------------------------------------------------------------
[INFO] Total time: 7.506 s
[INFO] Finished at: 2018-11-22T14:20:02-05:00
[INFO] ------------------------------------------------------------------------
[ERROR] Failed to execute goal org.apache.maven.plugins:maven-surefire-plugin:2.19.1:test (default-test) on project Hotel: Execution default-test of goal org.apache.maven.plugins:maven-surefire-plugin:2.19.1:test failed: The forked VM terminated without properly saying goodbye. VM crash or System.exit called?
[ERROR] Command was /bin/sh -c cd /Users/lingsonggao/IdeaProjects/Project/ASE/Hotel && /Library/Java/JavaVirtualMachines/jdk1.8.0_181.jdk/Contents/Home/jre/bin/java -jar /Users/lingsonggao/IdeaProjects/Project/ASE/Hotel/target/surefire/surefirebooter2456332512308351189.jar /Users/lingsonggao/IdeaProjects/Project/ASE/Hotel/target/surefire/surefire6953860523076752132tmp /Users/lingsonggao/IdeaProjects/Project/ASE/Hotel/target/surefire/surefire_03277548596619420631tmp
[ERROR] -> [Help 1]
[ERROR] 
[ERROR] To see the full stack trace of the errors, re-run Maven with the -e switch.
[ERROR] Re-run Maven using the -X switch to enable full debug logging.
[ERROR] 
[ERROR] For more information about the errors and possible solutions, please read the following articles:
[ERROR] [Help 1] http://cwiki.apache.org/confluence/display/MAVEN/PluginExecutionException
